<?xml version="1.0" encoding="UTF-8"?>
<!-- Generated by org.testng.reporters.JUnitReportReporter -->
<testsuite hostname="Ram" failures="0" tests="3" name="TestNG_Groups.AllTests" time="0.000" errors="0" timestamp="2021-09-05T19:47:00 IST" skipped="3">
  <testcase classname="TestNG_Groups.AllTests" name="Login1" time="0.000">
    <skipped/>
  </testcase> <!-- Login1 -->
  <system-out/>
  <testcase classname="TestNG_Groups.AllTests" name="Add_Nationalities" time="0.000">
    <skipped/>
  </testcase> <!-- Add_Nationalities -->
  <system-out/>
  <testcase classname="TestNG_Groups.AllTests" name="Add_Skills" time="0.000">
    <skipped/>
  </testcase> <!-- Add_Skills -->
  <system-out/>
</testsuite> <!-- TestNG_Groups.AllTests -->
