<?xml version="1.0" encoding="UTF-8"?>
<!-- Generated by org.testng.reporters.JUnitReportReporter -->
<testsuite hostname="Ram" failures="0" tests="1" name="ExcelUtil_Apache_POI.TC07_Excel_Test_xlsx2" time="0.000" errors="0" timestamp="2021-09-05T19:47:00 IST" skipped="1">
  <testcase classname="ExcelUtil_Apache_POI.TC07_Excel_Test_xlsx2" name="hello" time="0.000">
    <skipped/>
  </testcase> <!-- hello -->
  <system-out/>
</testsuite> <!-- ExcelUtil_Apache_POI.TC07_Excel_Test_xlsx2 -->
