<?xml version="1.0" encoding="UTF-8"?>
<!-- Generated by org.testng.reporters.JUnitReportReporter -->
<testsuite hostname="Ram" failures="0" tests="2" name="Parallel_Testing.Add_NationalitiesAndAdd_Skills" time="0.000" errors="0" timestamp="2021-09-05T19:47:00 IST" skipped="2">
  <testcase classname="Parallel_Testing.Add_NationalitiesAndAdd_Skills" name="Add_Nationalitie" time="0.000">
    <skipped/>
  </testcase> <!-- Add_Nationalitie -->
  <system-out/>
  <testcase classname="Parallel_Testing.Add_NationalitiesAndAdd_Skills" name="Add_Skills" time="0.000">
    <skipped/>
  </testcase> <!-- Add_Skills -->
  <system-out/>
</testsuite> <!-- Parallel_Testing.Add_NationalitiesAndAdd_Skills -->
