<?xml version="1.0" encoding="UTF-8"?>
<!-- Generated by org.testng.reporters.JUnitReportReporter -->
<testsuite hostname="Ram" failures="0" tests="6" name="Priority.Priority2" time="0.000" errors="0" timestamp="2021-09-05T19:46:59 IST" skipped="6">
  <testcase classname="Priority.Priority2" name="Test4_Admin" time="0.000">
    <skipped/>
  </testcase> <!-- Test4_Admin -->
  <system-out/>
  <testcase classname="Priority.Priority2" name="Test6_Add_skills" time="0.000">
    <skipped/>
  </testcase> <!-- Test6_Add_skills -->
  <system-out/>
  <testcase classname="Priority.Priority2" name="Test1_Open_chrome_browser" time="0.000">
    <skipped/>
  </testcase> <!-- Test1_Open_chrome_browser -->
  <system-out/>
  <testcase classname="Priority.Priority2" name="Test3_Login" time="0.000">
    <skipped/>
  </testcase> <!-- Test3_Login -->
  <system-out/>
  <testcase classname="Priority.Priority2" name="Test2_Open_OrangeHRM_URL" time="0.000">
    <skipped/>
  </testcase> <!-- Test2_Open_OrangeHRM_URL -->
  <system-out/>
  <testcase classname="Priority.Priority2" name="Test5_Qualification" time="0.000">
    <skipped/>
  </testcase> <!-- Test5_Qualification -->
  <system-out/>
</testsuite> <!-- Priority.Priority2 -->
