<?xml version="1.0" encoding="UTF-8"?>
<!-- Generated by org.testng.reporters.JUnitReportReporter -->
<testsuite hostname="Ram" failures="0" tests="1" name="Broken_Links.BrokenLinks2" time="0.000" errors="0" timestamp="2021-09-05T19:47:00 IST" skipped="1">
  <testcase classname="Broken_Links.BrokenLinks2" name="Open_OrangeHRM" time="0.000">
    <skipped/>
  </testcase> <!-- Open_OrangeHRM -->
  <system-out/>
</testsuite> <!-- Broken_Links.BrokenLinks2 -->
