<?xml version="1.0" encoding="UTF-8"?>
<!-- Generated by org.testng.reporters.JUnitReportReporter -->
<testsuite hostname="Ram" failures="0" tests="1" name="Return_value.Single_value" time="0.000" errors="0" timestamp="2021-09-05T19:46:59 IST" skipped="1">
  <testcase classname="Return_value.Single_value" name="Test" time="0.000">
    <skipped/>
  </testcase> <!-- Test -->
  <system-out/>
</testsuite> <!-- Return_value.Single_value -->
