<?xml version="1.0" encoding="UTF-8"?>
<!-- Generated by org.testng.reporters.JUnitReportReporter -->
<testsuite hostname="Ram" failures="0" tests="1" name="Date_Time_Picker.Date_Picker" time="0.000" errors="0" timestamp="2021-09-05T19:47:00 IST" skipped="1">
  <testcase classname="Date_Time_Picker.Date_Picker" name="Leaves" time="0.000">
    <skipped/>
  </testcase> <!-- Leaves -->
  <system-out/>
</testsuite> <!-- Date_Time_Picker.Date_Picker -->
