<?xml version="1.0" encoding="UTF-8"?>
<!-- Generated by org.testng.reporters.JUnitReportReporter -->
<testsuite hostname="Ram" failures="0" tests="1" name="Page_Objest_Model.CloseBrowser" time="0.000" errors="0" timestamp="2021-09-05T19:47:00 IST" skipped="1">
  <testcase classname="Page_Objest_Model.CloseBrowser" name="Close_Browser" time="0.000">
    <skipped/>
  </testcase> <!-- Close_Browser -->
  <system-out/>
</testsuite> <!-- Page_Objest_Model.CloseBrowser -->
