<?xml version="1.0" encoding="UTF-8"?>
<!-- Generated by org.testng.reporters.JUnitReportReporter -->
<testsuite hostname="Ram" failures="0" tests="1" name="Web_Table.ExportEmployees" time="104.188" errors="0" timestamp="15 Sep 2021 10:11:49 GMT" skipped="0">
  <testcase classname="Web_Table.ExportEmployees" name="ExportAllEmployees" time="104.188"/>
</testsuite> <!-- Web_Table.ExportEmployees -->
