<?xml version="1.0" encoding="UTF-8"?>
<!-- Generated by org.testng.reporters.JUnitReportReporter -->
<testsuite hostname="Ram" failures="0" tests="1" name="Waits.Implicit_Wait" time="0.000" errors="0" timestamp="2021-09-05T19:47:00 IST" skipped="1">
  <testcase classname="Waits.Implicit_Wait" name="Implicit_Login_logout" time="0.000">
    <skipped/>
  </testcase> <!-- Implicit_Login_logout -->
  <system-out/>
</testsuite> <!-- Waits.Implicit_Wait -->
