<?xml version="1.0" encoding="UTF-8"?>
<!-- Generated by org.testng.reporters.JUnitReportReporter -->
<testsuite hostname="Ram" failures="0" tests="1" name="Keyword_Driven.TC01_Nationality" time="0.000" errors="0" timestamp="2021-09-05T19:46:59 IST" skipped="1">
  <testcase classname="Keyword_Driven.TC01_Nationality" name="TC01_Test" time="0.000">
    <skipped/>
  </testcase> <!-- TC01_Test -->
  <system-out/>
</testsuite> <!-- Keyword_Driven.TC01_Nationality -->
