<?xml version="1.0" encoding="UTF-8"?>
<!-- Generated by org.testng.reporters.JUnitReportReporter -->
<testsuite hostname="Ram" failures="0" tests="1" name="File_Upload_Download.Filepath2" time="0.000" errors="0" timestamp="2021-09-05T19:47:00 IST" skipped="1">
  <testcase classname="File_Upload_Download.Filepath2" name="File_Upload" time="0.000">
    <skipped/>
  </testcase> <!-- File_Upload -->
  <system-out/>
</testsuite> <!-- File_Upload_Download.Filepath2 -->
