<?xml version="1.0" encoding="UTF-8"?>
<!-- Generated by org.testng.reporters.JUnitReportReporter -->
<testsuite hostname="Ram" failures="0" tests="1" name="Reporter_Example_Word.ImageAttachmentInDocument1" time="0.000" errors="0" timestamp="2021-09-05T19:47:00 IST" skipped="1">
  <testcase classname="Reporter_Example_Word.ImageAttachmentInDocument1" name="Word_Test" time="0.000">
    <skipped/>
  </testcase> <!-- Word_Test -->
  <system-out/>
</testsuite> <!-- Reporter_Example_Word.ImageAttachmentInDocument1 -->
