<?xml version="1.0" encoding="UTF-8"?>
<!-- Generated by org.testng.reporters.JUnitReportReporter -->
<testsuite hostname="Ram" failures="0" tests="1" name="ExcelUtil_Apache_POI.Add_Nationalities_Xlsx" time="0.000" errors="0" timestamp="2021-09-05T19:46:59 IST" skipped="1">
  <testcase classname="ExcelUtil_Apache_POI.Add_Nationalities_Xlsx" name="AddNationalities" time="0.000">
    <skipped/>
  </testcase> <!-- AddNationalities -->
  <system-out/>
</testsuite> <!-- ExcelUtil_Apache_POI.Add_Nationalities_Xlsx -->
