<?xml version="1.0" encoding="UTF-8"?>
<!-- Generated by org.testng.reporters.JUnitReportReporter -->
<testsuite hostname="Ram" failures="0" tests="1" name="Parallel_Testing.Add_Nationalities" time="0.000" errors="0" timestamp="2021-09-05T19:46:59 IST" skipped="1">
  <testcase classname="Parallel_Testing.Add_Nationalities" name="Add_Nationalitie" time="0.000">
    <skipped/>
  </testcase> <!-- Add_Nationalitie -->
  <system-out/>
</testsuite> <!-- Parallel_Testing.Add_Nationalities -->
