<?xml version="1.0" encoding="UTF-8"?>
<!-- Generated by org.testng.reporters.JUnitReportReporter -->
<testsuite hostname="Ram" failures="0" tests="6" name="Priority.Priority1" time="0.020" errors="0" timestamp="2021-09-05T19:46:59 IST" skipped="6">
  <testcase classname="Priority.Priority1" name="Open_chrome_browser" time="0.000">
    <skipped/>
  </testcase> <!-- Open_chrome_browser -->
  <system-out/>
  <testcase classname="Priority.Priority1" name="Open_OrangeHRM_URL" time="0.000">
    <skipped/>
  </testcase> <!-- Open_OrangeHRM_URL -->
  <system-out/>
  <testcase classname="Priority.Priority1" name="Login" time="0.000">
    <skipped/>
  </testcase> <!-- Login -->
  <system-out/>
  <testcase classname="Priority.Priority1" name="Admin" time="0.000">
    <skipped/>
  </testcase> <!-- Admin -->
  <system-out/>
  <testcase classname="Priority.Priority1" name="Qualification" time="0.000">
    <skipped/>
  </testcase> <!-- Qualification -->
  <system-out/>
  <testcase classname="Priority.Priority1" name="Add_skills" time="0.020">
    <skipped/>
  </testcase> <!-- Add_skills -->
  <system-out/>
</testsuite> <!-- Priority.Priority1 -->
