<?xml version="1.0" encoding="UTF-8"?>
<!-- Generated by org.testng.reporters.JUnitReportReporter -->
<testsuite hostname="Ram" failures="0" tests="1" name="Frames.Swith_Into_Frame_By_WebElemet" time="0.000" errors="0" timestamp="2021-09-05T19:46:59 IST" skipped="1">
  <testcase classname="Frames.Swith_Into_Frame_By_WebElemet" name="f" time="0.000">
    <skipped/>
  </testcase> <!-- f -->
  <system-out/>
</testsuite> <!-- Frames.Swith_Into_Frame_By_WebElemet -->
