<?xml version="1.0" encoding="UTF-8"?>
<!-- Generated by org.testng.reporters.JUnitReportReporter -->
<testsuite hostname="Ram" failures="0" tests="3" name="DataProvider.Add_Loactions" time="0.000" errors="0" timestamp="2021-09-05T19:46:59 IST" skipped="3">
  <testcase classname="DataProvider.Add_Loactions" name="Add_Locations" time="0.000">
    <skipped/>
  </testcase> <!-- Add_Locations -->
  <system-out/>
  <testcase classname="DataProvider.Add_Loactions" name="Add_Locations" time="0.000">
    <skipped/>
  </testcase> <!-- Add_Locations -->
  <system-out/>
  <testcase classname="DataProvider.Add_Loactions" name="Add_Locations" time="0.000">
    <skipped/>
  </testcase> <!-- Add_Locations -->
  <system-out/>
</testsuite> <!-- DataProvider.Add_Loactions -->
