<?xml version="1.0" encoding="UTF-8"?>
<!-- Generated by org.testng.reporters.JUnitReportReporter -->
<testsuite hostname="Ram" failures="0" tests="1" name="Page_Objest_Model.Logout" time="0.000" errors="0" timestamp="2021-09-05T19:47:00 IST" skipped="1">
  <testcase classname="Page_Objest_Model.Logout" name="Logout1" time="0.000">
    <skipped/>
  </testcase> <!-- Logout1 -->
  <system-out/>
</testsuite> <!-- Page_Objest_Model.Logout -->
