<?xml version="1.0" encoding="UTF-8"?>
<!-- Generated by org.testng.reporters.JUnitReportReporter -->
<testsuite hostname="Ram" failures="0" tests="1" name="practise_01.Add_skills_paraeters" time="0.000" errors="0" timestamp="2021-09-05T19:46:59 IST" skipped="1">
  <testcase classname="practise_01.Add_skills_paraeters" name="Add_Skills" time="0.000">
    <skipped/>
  </testcase> <!-- Add_Skills -->
  <system-out/>
</testsuite> <!-- practise_01.Add_skills_paraeters -->
