<?xml version="1.0" encoding="UTF-8"?>
<!-- Generated by org.testng.reporters.JUnitReportReporter -->
<testsuite hostname="Ram" failures="0" tests="6" name="Priority.Priority3" time="0.000" errors="0" timestamp="2021-09-05T19:47:00 IST" skipped="6">
  <testcase classname="Priority.Priority3" name="Test2_Open_OrangeHRM_URL" time="0.000">
    <skipped/>
  </testcase> <!-- Test2_Open_OrangeHRM_URL -->
  <system-out/>
  <testcase classname="Priority.Priority3" name="Test1_Open_chrome_browser" time="0.000">
    <skipped/>
  </testcase> <!-- Test1_Open_chrome_browser -->
  <system-out/>
  <testcase classname="Priority.Priority3" name="Test2_Admin" time="0.000">
    <skipped/>
  </testcase> <!-- Test2_Admin -->
  <system-out/>
  <testcase classname="Priority.Priority3" name="Test1_Login" time="0.000">
    <skipped/>
  </testcase> <!-- Test1_Login -->
  <system-out/>
  <testcase classname="Priority.Priority3" name="Test3_Qualification" time="0.000">
    <skipped/>
  </testcase> <!-- Test3_Qualification -->
  <system-out/>
  <testcase classname="Priority.Priority3" name="Test4_Add_skills" time="0.000">
    <skipped/>
  </testcase> <!-- Test4_Add_skills -->
  <system-out/>
</testsuite> <!-- Priority.Priority3 -->
