<?xml version="1.0" encoding="UTF-8"?>
<!-- Generated by org.testng.reporters.JUnitReportReporter -->
<testsuite hostname="Ram" failures="0" tests="1" name="ExcelUtil_Apache_POI.PutCellData" time="0.000" errors="0" timestamp="2021-09-05T19:47:00 IST" skipped="1">
  <testcase classname="ExcelUtil_Apache_POI.PutCellData" name="Test" time="0.000">
    <skipped/>
  </testcase> <!-- Test -->
  <system-out/>
</testsuite> <!-- ExcelUtil_Apache_POI.PutCellData -->
