<?xml version="1.0" encoding="UTF-8"?>
<!-- Generated by org.testng.reporters.JUnitReportReporter -->
<testsuite hostname="Ram" failures="0" tests="1" name="Multiple_Windows.TC01_Open_Three_Tabs" time="0.000" errors="0" timestamp="2021-09-05T19:47:00 IST" skipped="1">
  <testcase classname="Multiple_Windows.TC01_Open_Three_Tabs" name="Login_Test" time="0.000">
    <skipped/>
  </testcase> <!-- Login_Test -->
  <system-out/>
</testsuite> <!-- Multiple_Windows.TC01_Open_Three_Tabs -->
