<?xml version="1.0" encoding="UTF-8"?>
<!-- Generated by org.testng.reporters.JUnitReportReporter -->
<testsuite hostname="Ram" failures="0" tests="1" name="Event_Firing_Webdriver.TC01_Web_Element_Border" time="0.000" errors="0" timestamp="2021-09-05T19:46:59 IST" skipped="1">
  <testcase classname="Event_Firing_Webdriver.TC01_Web_Element_Border" name="Login_Test" time="0.000">
    <skipped/>
  </testcase> <!-- Login_Test -->
  <system-out/>
</testsuite> <!-- Event_Firing_Webdriver.TC01_Web_Element_Border -->
