<?xml version="1.0" encoding="UTF-8"?>
<!-- Generated by org.testng.reporters.JUnitReportReporter -->
<testsuite hostname="Ram" failures="0" tests="1" name="Failed_TestCases.Add_skills" time="0.000" errors="0" timestamp="2021-09-05T19:47:00 IST" skipped="1">
  <testcase classname="Failed_TestCases.Add_skills" name="Add_Skills" time="0.000">
    <skipped/>
  </testcase> <!-- Add_Skills -->
  <system-out/>
</testsuite> <!-- Failed_TestCases.Add_skills -->
