<?xml version="1.0" encoding="UTF-8"?>
<!-- Generated by org.testng.reporters.JUnitReportReporter -->
<testsuite hostname="Ram" failures="0" tests="1" name="Emilable_Report.Add_Jobs" time="0.000" errors="0" timestamp="2021-09-05T19:47:00 IST" skipped="1">
  <testcase classname="Emilable_Report.Add_Jobs" name="Add_jobs" time="0.000">
    <skipped/>
  </testcase> <!-- Add_jobs -->
  <system-out/>
</testsuite> <!-- Emilable_Report.Add_Jobs -->
