<?xml version="1.0" encoding="UTF-8"?>
<!-- Generated by org.testng.reporters.JUnitReportReporter -->
<testsuite hostname="Ram" failures="0" tests="3" name="ExcelUtil_Apache_POI.TC04_Excel_Test_xlsx" time="0.000" errors="0" timestamp="2021-09-05T19:47:00 IST" skipped="3">
  <testcase classname="ExcelUtil_Apache_POI.TC04_Excel_Test_xlsx" name="hello1" time="0.000">
    <skipped/>
  </testcase> <!-- hello1 -->
  <system-out/>
  <testcase classname="ExcelUtil_Apache_POI.TC04_Excel_Test_xlsx" name="hello" time="0.000">
    <skipped/>
  </testcase> <!-- hello -->
  <system-out/>
  <testcase classname="ExcelUtil_Apache_POI.TC04_Excel_Test_xlsx" name="hello2" time="0.000">
    <skipped/>
  </testcase> <!-- hello2 -->
  <system-out/>
</testsuite> <!-- ExcelUtil_Apache_POI.TC04_Excel_Test_xlsx -->
