<?xml version="1.0" encoding="UTF-8"?>
<!-- Generated by org.testng.reporters.JUnitReportReporter -->
<testsuite hostname="Ram" failures="0" tests="1" name="Katalon_Recorder.Add_Locations" time="0.000" errors="0" timestamp="2021-09-05T19:47:00 IST" skipped="1">
  <testcase classname="Katalon_Recorder.Add_Locations" name="AddLocations" time="0.000">
    <skipped/>
  </testcase> <!-- AddLocations -->
  <system-out/>
</testsuite> <!-- Katalon_Recorder.Add_Locations -->
