<?xml version="1.0" encoding="UTF-8"?>
<!-- Generated by org.testng.reporters.JUnitReportReporter -->
<testsuite hostname="Ram" failures="0" tests="6" name="Keyword_Driven.Actions" time="0.000" errors="0" timestamp="2021-09-05T19:46:59 IST" skipped="6">
  <testcase classname="Keyword_Driven.Actions" name="Login" time="0.000">
    <skipped/>
  </testcase> <!-- Login -->
  <system-out/>
  <testcase classname="Keyword_Driven.Actions" name="OpenOrangeHRM" time="0.000">
    <skipped/>
  </testcase> <!-- OpenOrangeHRM -->
  <system-out/>
  <testcase classname="Keyword_Driven.Actions" name="AddSkills" time="0.000">
    <skipped/>
  </testcase> <!-- AddSkills -->
  <system-out/>
  <testcase classname="Keyword_Driven.Actions" name="AddNationality" time="0.000">
    <skipped/>
  </testcase> <!-- AddNationality -->
  <system-out/>
  <testcase classname="Keyword_Driven.Actions" name="closeBrowser" time="0.000">
    <skipped/>
  </testcase> <!-- closeBrowser -->
  <system-out/>
  <testcase classname="Keyword_Driven.Actions" name="openChromeBrowser" time="0.000">
    <skipped/>
  </testcase> <!-- openChromeBrowser -->
  <system-out/>
</testsuite> <!-- Keyword_Driven.Actions -->
