<?xml version="1.0" encoding="UTF-8"?>
<!-- Generated by org.testng.reporters.JUnitReportReporter -->
<testsuite hostname="Ram" failures="0" tests="1" name="Method_OverLoading.TC01_Test2" time="0.000" errors="0" timestamp="2021-09-05T19:46:58 IST" skipped="1">
  <testcase classname="Method_OverLoading.TC01_Test2" name="Test1" time="0.000">
    <skipped/>
  </testcase> <!-- Test1 -->
  <system-out/>
</testsuite> <!-- Method_OverLoading.TC01_Test2 -->
